<?xml version="1.0" encoding="UTF-8"?>
<testsuite xmlns:xsi="http://www.w3.org/2001/XMLSchema-instance" xsi:noNamespaceSchemaLocation="https://maven.apache.org/surefire/maven-surefire-plugin/xsd/surefire-test-report.xsd" version="3.0.2" name="com.contact.ContactSpringbootAppApplicationTests" time="2.838" tests="1" errors="0" skipped="0" failures="0">
  <properties>
[...]
</properties>
  <testcase name="contextLoads" classname="com.contact.ContactSpringbootAppApplicationTests" time="0.703">
    <system-out><![CDATA[23:56:59.268 [main] INFO org.springframework.test.context.support.AnnotationConfigContextLoaderUtils -- Could not detect default configuration classes for test class [com.contact.ContactSpringbootAppApplicationTests]: ContactSpringbootAppApplicationTests does not declare any static, non-private, non-final, nested classes annotated with @Configuration.
23:56:59.399 [main] INFO org.springframework.boot.test.context.SpringBootTestContextBootstrapper -- Found @SpringBootConfiguration com.contact.ContactSpringbootAppApplication for test class com.contact.ContactSpringbootAppApplicationTests
23:56:59.580 [main] INFO org.springframework.boot.devtools.restart.RestartApplicationListener -- Restart disabled due to context in which it is running

  .   ____          _            __ _ _
 /\\ / ___'_ __ _ _(_)_ __  __ _ \ \ \ \
( ( )\___ | '_ | '_| | '_ \/ _` | \ \ \ \
 \\/  ___)| |_)| | | | | || (_| |  ) ) ) )
  '  |____| .__|_| |_|_| |_\__, | / / / /
 =========|_|==============|___/=/_/_/_/

 :: Spring Boot ::                (v3.5.6)

2026-03-24T23:56:59.869-04:00  INFO 2500 --- [contact-springboot-app] [           main] c.c.ContactSpringbootAppApplicationTests : Starting ContactSpringbootAppApplicationTests using Java 21 with PID 2500 (started by Sharath D in C:\Users\Sharath D\Prathyusha\Zensar_DAP_2026\contact-springboot-app)
2026-03-24T23:56:59.880-04:00  INFO 2500 --- [contact-springboot-app] [           main] c.c.ContactSpringbootAppApplicationTests : No active profile set, falling back to 1 default profile: "default"
2026-03-24T23:57:00.901-04:00  INFO 2500 --- [contact-springboot-app] [           main] o.s.v.b.OptionalValidatorFactoryBean     : Failed to set up a Bean Validation provider: jakarta.validation.NoProviderFoundException: Unable to create a Configuration, because no Jakarta Bean Validation provider could be found. Add a provider like Hibernate Validator (RI) to your classpath.
2026-03-24T23:57:01.226-04:00  INFO 2500 --- [contact-springboot-app] [           main] c.c.ContactSpringbootAppApplicationTests : Started ContactSpringbootAppApplicationTests in 1.65 seconds (process running for 2.614)
]]></system-out>
    <system-err><![CDATA[Mockito is currently self-attaching to enable the inline-mock-maker. This will no longer work in future releases of the JDK. Please add Mockito as an agent to your build as described in Mockito's documentation: https://javadoc.io/doc/org.mockito/mockito-core/latest/org.mockito/org/mockito/Mockito.html#0.3
WARNING: A Java agent has been loaded dynamically (C:\Users\Sharath D\.m2\repository\net\bytebuddy\byte-buddy-agent\1.17.7\byte-buddy-agent-1.17.7.jar)
WARNING: If a serviceability tool is in use, please run with -XX:+EnableDynamicAgentLoading to hide this warning
WARNING: If a serviceability tool is not in use, please run with -Djdk.instrument.traceUsage for more information
WARNING: Dynamic loading of agents will be disallowed by default in a future release
]]></system-err>
  </testcase>
</testsuite>